[2024-10-18 10:05:16] INFO: *******************
[2024-10-18 10:05:16] INFO:    Starting lynx   
[2024-10-18 10:05:16] INFO: *******************
[2024-10-18 10:05:16] INFO: server_sock : 0
[2024-10-18 10:05:20] INFO: Received command : insert 123
[2024-10-18 10:05:21] INFO: Received command : insert 1234
[2024-10-18 10:05:26] INFO: Daemon is running
[2024-10-18 10:05:36] INFO: Daemon is running
[2024-10-18 10:05:44] INFO: Client 1 disconnected
[2024-10-18 10:05:44] INFO: Client -907244376 disconnected
[2024-10-18 10:05:46] INFO: Daemon is running
[2024-10-18 10:05:56] INFO: Daemon is running
[2024-10-18 10:06:06] INFO: Daemon is running
[2024-10-18 10:06:16] INFO: Daemon is running
[2024-10-18 10:06:24] INFO: *******************
[2024-10-18 10:06:24] INFO:    Starting lynx   
[2024-10-18 10:06:24] INFO: *******************
[2024-10-18 10:06:24] INFO: server_sock : 0
[2024-10-18 10:06:24] ERROR: Bind failed
[2024-10-18 10:06:26] INFO: Daemon is running
[2024-10-18 10:06:29] INFO: Received command : insert inser
[2024-10-18 10:06:33] INFO: Client 1 disconnected
[2024-10-18 10:06:33] INFO: Client -907244376 disconnected
[2024-10-18 10:06:36] INFO: Daemon is running
[2024-10-18 10:06:46] INFO: Daemon is running
[2024-10-18 10:06:56] INFO: Daemon is running
[2024-10-18 10:07:06] INFO: Daemon is running
[2024-10-18 10:07:16] INFO: Daemon is running
[2024-10-18 10:07:26] INFO: Daemon is running
[2024-10-18 10:07:36] INFO: Daemon is running
[2024-10-18 10:07:46] INFO: Daemon is running
[2024-10-18 10:07:56] INFO: Daemon is running
[2024-10-18 10:08:06] INFO: Daemon is running
[2024-10-18 10:08:16] INFO: Daemon is running
[2024-10-18 10:08:26] INFO: Daemon is running
[2024-10-18 10:08:36] INFO: Daemon is running
[2024-10-18 10:08:46] INFO: Daemon is running
[2024-10-18 10:08:56] INFO: Daemon is running
[2024-10-18 10:09:06] INFO: Daemon is running
[2024-10-18 10:09:16] INFO: Daemon is running
[2024-10-18 10:09:26] INFO: Daemon is running
[2024-10-18 10:09:36] INFO: Daemon is running
[2024-10-18 10:09:46] INFO: Daemon is running
[2024-10-18 10:09:56] INFO: Daemon is running
[2024-10-18 10:10:06] INFO: Daemon is running
[2024-10-18 10:10:16] INFO: Daemon is running
[2024-10-18 10:10:26] INFO: Daemon is running
[2024-10-18 10:10:36] INFO: Daemon is running
[2024-10-18 10:10:46] INFO: Daemon is running
[2024-10-18 10:10:56] INFO: Daemon is running
[2024-10-18 10:11:06] INFO: Daemon is running
[2024-10-18 10:11:16] INFO: Daemon is running
[2024-10-18 10:11:26] INFO: Daemon is running
[2024-10-18 10:11:36] INFO: Daemon is running
[2024-10-18 10:11:46] INFO: Daemon is running
[2024-10-18 10:11:56] INFO: Daemon is running
[2024-10-18 10:12:06] INFO: Daemon is running
[2024-10-18 10:12:16] INFO: Daemon is running
[2024-10-18 10:12:26] INFO: Daemon is running
[2024-10-18 10:12:36] INFO: Daemon is running
[2024-10-18 10:12:46] INFO: Daemon is running
[2024-10-18 10:12:56] INFO: Daemon is running
[2024-10-18 10:13:06] INFO: Daemon is running
[2024-10-18 10:13:16] INFO: Daemon is running
[2024-10-18 10:13:26] INFO: Daemon is running
[2024-10-18 10:13:36] INFO: Daemon is running
[2024-10-18 10:13:46] INFO: Daemon is running
[2024-10-18 10:13:56] INFO: Daemon is running
[2024-10-18 10:14:06] INFO: Daemon is running
[2024-10-18 10:14:16] INFO: Daemon is running
[2024-10-18 10:14:26] INFO: Daemon is running
[2024-10-18 10:14:36] INFO: Daemon is running
[2024-10-18 10:14:46] INFO: Daemon is running
[2024-10-18 10:14:56] INFO: Daemon is running
[2024-10-18 10:15:06] INFO: Daemon is running
[2024-10-18 10:15:16] INFO: Daemon is running
[2024-10-18 10:15:26] INFO: Daemon is running
[2024-10-18 10:15:36] INFO: Daemon is running
[2024-10-18 10:15:46] INFO: Daemon is running
[2024-10-18 10:15:56] INFO: Daemon is running
[2024-10-18 10:16:06] INFO: Daemon is running
[2024-10-18 10:16:16] INFO: Daemon is running
[2024-10-18 10:16:26] INFO: Daemon is running
[2024-10-18 10:16:36] INFO: Daemon is running
[2024-10-18 10:16:46] INFO: Daemon is running
[2024-10-18 10:16:56] INFO: Daemon is running
[2024-10-18 10:17:06] INFO: Daemon is running
[2024-10-18 10:17:16] INFO: Daemon is running
[2024-10-18 10:17:26] INFO: Daemon is running
[2024-10-18 10:17:36] INFO: Daemon is running
[2024-10-18 10:17:46] INFO: Daemon is running
[2024-10-18 10:17:56] INFO: Daemon is running
[2024-10-18 10:18:06] INFO: Daemon is running
[2024-10-18 10:18:16] INFO: Daemon is running
[2024-10-18 10:18:26] INFO: Daemon is running
[2024-10-18 10:18:36] INFO: Daemon is running
[2024-10-18 10:18:46] INFO: Daemon is running
[2024-10-18 10:18:56] INFO: Daemon is running
[2024-10-18 10:19:06] INFO: Daemon is running
[2024-10-18 10:19:16] INFO: Daemon is running
[2024-10-18 10:19:26] INFO: Daemon is running
[2024-10-18 10:19:36] INFO: Daemon is running
[2024-10-18 10:19:46] INFO: Daemon is running
[2024-10-18 10:19:56] INFO: Daemon is running
[2024-10-18 10:20:06] INFO: Daemon is running
[2024-10-18 10:20:16] INFO: Daemon is running
[2024-10-18 10:20:26] INFO: Daemon is running
[2024-10-18 10:20:36] INFO: Daemon is running
[2024-10-18 10:20:46] INFO: Daemon is running
[2024-10-18 10:20:56] INFO: Daemon is running
[2024-10-18 10:21:06] INFO: Daemon is running
[2024-10-18 10:21:16] INFO: Daemon is running
[2024-10-18 10:21:26] INFO: Daemon is running
[2024-10-18 10:21:36] INFO: Daemon is running
[2024-10-18 10:21:46] INFO: Daemon is running
[2024-10-18 10:21:56] INFO: Daemon is running
[2024-10-18 10:22:06] INFO: Daemon is running
[2024-10-18 10:22:16] INFO: Daemon is running
[2024-10-18 10:22:26] INFO: Daemon is running
[2024-10-18 10:22:36] INFO: Daemon is running
[2024-10-18 10:22:46] INFO: Daemon is running
[2024-10-18 10:22:56] INFO: Daemon is running
[2024-10-18 10:23:06] INFO: Daemon is running
[2024-10-18 10:23:16] INFO: Daemon is running
[2024-10-18 10:23:26] INFO: Daemon is running
[2024-10-18 10:23:36] INFO: Daemon is running
[2024-10-18 10:23:46] INFO: Daemon is running
[2024-10-18 10:23:56] INFO: Daemon is running
[2024-10-18 10:24:06] INFO: Daemon is running
[2024-10-18 10:24:16] INFO: Daemon is running
[2024-10-18 10:24:26] INFO: Daemon is running
[2024-10-18 10:24:36] INFO: Daemon is running
[2024-10-18 10:24:46] INFO: Daemon is running
[2024-10-18 10:24:57] INFO: Daemon is running
[2024-10-18 10:25:07] INFO: Daemon is running
[2024-10-18 10:25:17] INFO: Daemon is running
[2024-10-18 10:25:27] INFO: Daemon is running
[2024-10-18 10:25:37] INFO: Daemon is running
[2024-10-18 10:25:47] INFO: Daemon is running
[2024-10-18 10:25:57] INFO: Daemon is running
[2024-10-18 10:26:07] INFO: Daemon is running
[2024-10-18 10:26:17] INFO: Daemon is running
[2024-10-18 10:26:27] INFO: Daemon is running
[2024-10-18 10:26:37] INFO: Daemon is running
[2024-10-18 10:26:47] INFO: Daemon is running
[2024-10-18 10:26:57] INFO: Daemon is running
[2024-10-18 10:27:07] INFO: Daemon is running
[2024-10-18 10:27:17] INFO: Daemon is running
[2024-10-18 10:27:27] INFO: Daemon is running
[2024-10-18 10:27:37] INFO: Daemon is running
[2024-10-18 10:27:47] INFO: Daemon is running
[2024-10-18 10:27:57] INFO: Daemon is running
[2024-10-18 10:28:07] INFO: Daemon is running
[2024-10-18 10:28:17] INFO: Daemon is running
[2024-10-18 10:28:27] INFO: Daemon is running
[2024-10-18 10:28:37] INFO: Daemon is running
[2024-10-18 10:28:47] INFO: Daemon is running
[2024-10-18 10:28:57] INFO: Daemon is running
[2024-10-18 10:29:07] INFO: Daemon is running
[2024-10-18 10:29:17] INFO: Daemon is running
[2024-10-18 10:29:27] INFO: Daemon is running
[2024-10-18 10:29:37] INFO: Daemon is running
[2024-10-18 10:29:47] INFO: Daemon is running
[2024-10-18 10:29:57] INFO: Daemon is running
[2024-10-18 10:30:07] INFO: Daemon is running
[2024-10-18 10:30:17] INFO: Daemon is running
[2024-10-18 10:30:27] INFO: Daemon is running
[2024-10-18 10:30:37] INFO: Daemon is running
[2024-10-18 10:30:47] INFO: Daemon is running
[2024-10-18 10:30:57] INFO: Daemon is running
[2024-10-18 10:31:07] INFO: Daemon is running
[2024-10-18 10:31:17] INFO: Daemon is running
[2024-10-18 10:31:27] INFO: Daemon is running
[2024-10-18 10:31:37] INFO: Daemon is running
[2024-10-18 10:31:47] INFO: Daemon is running
[2024-10-18 10:31:57] INFO: Daemon is running
[2024-10-18 10:32:07] INFO: Daemon is running
[2024-10-18 10:32:17] INFO: Daemon is running
[2024-10-18 10:32:27] INFO: Daemon is running
[2024-10-18 10:32:37] INFO: Daemon is running
[2024-10-18 10:32:47] INFO: Daemon is running
[2024-10-18 10:32:57] INFO: Daemon is running
[2024-10-18 10:33:07] INFO: Daemon is running
[2024-10-18 10:33:17] INFO: Daemon is running
[2024-10-18 10:33:27] INFO: Daemon is running
[2024-10-18 10:33:37] INFO: Daemon is running
[2024-10-18 10:33:47] INFO: Daemon is running
[2024-10-18 10:33:57] INFO: Daemon is running
[2024-10-18 10:34:07] INFO: Daemon is running
[2024-10-18 10:34:17] INFO: Daemon is running
[2024-10-18 10:34:27] INFO: Daemon is running
[2024-10-18 10:34:37] INFO: Daemon is running
[2024-10-18 10:34:47] INFO: Daemon is running
[2024-10-18 10:34:57] INFO: Daemon is running
[2024-10-18 10:35:07] INFO: Daemon is running
[2024-10-18 10:35:17] INFO: Daemon is running
[2024-10-18 10:35:27] INFO: Daemon is running
[2024-10-18 10:35:37] INFO: Daemon is running
[2024-10-18 10:35:47] INFO: Daemon is running
[2024-10-18 10:35:57] INFO: Daemon is running
[2024-10-18 10:36:07] INFO: Daemon is running
[2024-10-18 10:36:17] INFO: Daemon is running
[2024-10-18 10:36:27] INFO: Daemon is running
[2024-10-18 10:36:37] INFO: Daemon is running
[2024-10-18 10:36:47] INFO: Daemon is running
[2024-10-18 10:36:57] INFO: Daemon is running
[2024-10-18 10:37:07] INFO: Daemon is running
[2024-10-18 10:37:17] INFO: Daemon is running
[2024-10-18 10:37:27] INFO: Daemon is running
[2024-10-18 10:37:37] INFO: Daemon is running
[2024-10-18 10:37:47] INFO: Daemon is running
[2024-10-18 10:37:57] INFO: Daemon is running
[2024-10-18 10:38:07] INFO: Daemon is running
[2024-10-18 10:38:17] INFO: Daemon is running
[2024-10-18 10:38:27] INFO: Daemon is running
[2024-10-18 10:38:37] INFO: Daemon is running
[2024-10-18 10:38:47] INFO: Daemon is running
[2024-10-18 10:38:57] INFO: Daemon is running
[2024-10-18 10:39:07] INFO: Daemon is running
[2024-10-18 10:39:17] INFO: Daemon is running
[2024-10-18 10:39:27] INFO: Daemon is running
[2024-10-18 10:39:37] INFO: Daemon is running
[2024-10-18 10:39:47] INFO: Daemon is running
[2024-10-18 10:39:57] INFO: Daemon is running
[2024-10-18 10:40:07] INFO: Daemon is running
[2024-10-18 10:40:17] INFO: Daemon is running
[2024-10-18 10:40:27] INFO: Daemon is running
[2024-10-18 10:40:37] INFO: Daemon is running
[2024-10-18 10:40:47] INFO: Daemon is running
[2024-10-18 10:40:57] INFO: Daemon is running
[2024-10-18 10:41:07] INFO: Daemon is running
[2024-10-18 10:41:17] INFO: Daemon is running
[2024-10-18 10:41:27] INFO: Daemon is running
[2024-10-18 10:41:37] INFO: Daemon is running
[2024-10-18 10:41:47] INFO: Daemon is running
[2024-10-18 10:41:57] INFO: Daemon is running
[2024-10-18 10:42:07] INFO: Daemon is running
[2024-10-18 10:42:17] INFO: Daemon is running
[2024-10-18 10:42:27] INFO: Daemon is running
[2024-10-18 10:42:37] INFO: Daemon is running
[2024-10-18 10:42:47] INFO: Daemon is running
[2024-10-18 10:42:57] INFO: Daemon is running
[2024-10-18 10:43:07] INFO: Daemon is running
[2024-10-18 10:43:17] INFO: Daemon is running
[2024-10-18 10:43:27] INFO: Daemon is running
[2024-10-18 10:43:37] INFO: Daemon is running
[2024-10-18 10:43:47] INFO: Daemon is running
[2024-10-18 10:43:57] INFO: Daemon is running
[2024-10-18 10:44:07] INFO: Daemon is running
[2024-10-18 10:44:17] INFO: Daemon is running
[2024-10-18 10:44:27] INFO: Daemon is running
[2024-10-18 10:44:37] INFO: Daemon is running
[2024-10-18 10:44:47] INFO: Daemon is running
[2024-10-18 10:44:57] INFO: Daemon is running
[2024-10-18 10:45:07] INFO: Daemon is running
[2024-10-18 10:45:17] INFO: Daemon is running
[2024-10-18 10:45:27] INFO: Daemon is running
[2024-10-18 10:45:37] INFO: Daemon is running
[2024-10-18 10:45:47] INFO: Daemon is running
[2024-10-18 10:45:57] INFO: Daemon is running
[2024-10-18 10:46:07] INFO: Daemon is running
[2024-10-18 10:46:17] INFO: Daemon is running
[2024-10-18 10:46:27] INFO: Daemon is running
[2024-10-18 10:46:37] INFO: Daemon is running
[2024-10-18 10:46:47] INFO: Daemon is running
[2024-10-18 10:46:57] INFO: Daemon is running
[2024-10-18 10:47:07] INFO: Daemon is running
[2024-10-18 10:47:17] INFO: Daemon is running
[2024-10-18 10:47:27] INFO: Daemon is running
[2024-10-18 10:47:37] INFO: Daemon is running
[2024-10-18 10:47:47] INFO: Daemon is running
[2024-10-18 10:47:57] INFO: Daemon is running
[2024-10-18 10:48:07] INFO: Daemon is running
[2024-10-18 10:48:17] INFO: Daemon is running
[2024-10-18 10:48:27] INFO: Daemon is running
[2024-10-18 10:48:37] INFO: Daemon is running
[2024-10-18 10:48:47] INFO: Daemon is running
[2024-10-18 10:48:57] INFO: Daemon is running
[2024-10-18 10:49:07] INFO: Daemon is running
[2024-10-18 10:49:17] INFO: Daemon is running
[2024-10-18 10:49:27] INFO: Daemon is running
[2024-10-18 10:49:37] INFO: Daemon is running
[2024-10-18 10:49:47] INFO: Daemon is running
[2024-10-18 10:49:57] INFO: Daemon is running
[2024-10-18 10:50:07] INFO: Daemon is running
[2024-10-18 10:50:17] INFO: Daemon is running
[2024-10-18 10:50:27] INFO: Daemon is running
[2024-10-18 10:50:37] INFO: Daemon is running
[2024-10-18 10:50:47] INFO: Daemon is running
[2024-10-18 10:50:57] INFO: Daemon is running
[2024-10-18 10:51:07] INFO: Daemon is running
[2024-10-18 10:51:17] INFO: Daemon is running
[2024-10-18 10:51:27] INFO: Daemon is running
[2024-10-18 10:51:37] INFO: Daemon is running
[2024-10-18 10:51:47] INFO: Daemon is running
[2024-10-18 10:51:57] INFO: Daemon is running
[2024-10-18 10:52:07] INFO: Daemon is running
[2024-10-18 10:52:17] INFO: Daemon is running
[2024-10-18 10:52:27] INFO: Daemon is running
[2024-10-18 10:52:37] INFO: Daemon is running
[2024-10-18 10:52:47] INFO: Daemon is running
[2024-10-18 10:52:57] INFO: Daemon is running
[2024-10-18 10:53:07] INFO: Daemon is running
[2024-10-18 10:53:17] INFO: Daemon is running
[2024-10-18 10:53:27] INFO: Daemon is running
[2024-10-18 10:53:37] INFO: Daemon is running
[2024-10-18 10:53:47] INFO: Daemon is running
[2024-10-18 10:53:57] INFO: Daemon is running
[2024-10-18 10:54:07] INFO: Daemon is running
[2024-10-18 10:54:17] INFO: Daemon is running
[2024-10-18 10:54:27] INFO: Daemon is running
[2024-10-18 10:54:37] INFO: Daemon is running
[2024-10-18 10:54:47] INFO: Daemon is running
[2024-10-18 10:54:57] INFO: Daemon is running
[2024-10-18 10:55:07] INFO: Daemon is running
[2024-10-18 10:55:17] INFO: Daemon is running
[2024-10-18 10:55:27] INFO: Daemon is running
[2024-10-18 10:55:37] INFO: Daemon is running
[2024-10-18 10:55:47] INFO: Daemon is running
[2024-10-18 10:55:57] INFO: Daemon is running
[2024-10-18 10:56:07] INFO: Daemon is running
[2024-10-18 10:56:17] INFO: Daemon is running
[2024-10-18 10:56:27] INFO: Daemon is running
[2024-10-18 10:56:37] INFO: Daemon is running
[2024-10-18 10:56:47] INFO: Daemon is running
[2024-10-18 10:56:57] INFO: Daemon is running
[2024-10-18 10:57:07] INFO: Daemon is running
[2024-10-18 10:57:17] INFO: Daemon is running
[2024-10-18 10:57:27] INFO: Daemon is running
[2024-10-18 10:57:37] INFO: Daemon is running
[2024-10-18 10:57:47] INFO: Daemon is running
[2024-10-18 10:57:57] INFO: Daemon is running
[2024-10-18 10:58:07] INFO: Daemon is running
[2024-10-18 10:58:17] INFO: Daemon is running
[2024-10-18 10:58:27] INFO: Daemon is running
[2024-10-18 10:58:37] INFO: Daemon is running
[2024-10-18 10:58:47] INFO: Daemon is running
[2024-10-18 10:58:57] INFO: Daemon is running
[2024-10-18 10:59:07] INFO: Daemon is running
[2024-10-18 10:59:17] INFO: Daemon is running
[2024-10-18 10:59:27] INFO: Daemon is running
[2024-10-18 10:59:37] INFO: Daemon is running
[2024-10-18 10:59:47] INFO: Daemon is running
[2024-10-18 10:59:57] INFO: Daemon is running
[2024-10-18 11:00:07] INFO: Daemon is running
[2024-10-18 11:00:17] INFO: Daemon is running
[2024-10-18 11:00:27] INFO: Daemon is running
[2024-10-18 11:00:37] INFO: Daemon is running
[2024-10-18 11:00:47] INFO: Daemon is running
[2024-10-18 11:00:57] INFO: Daemon is running
[2024-10-18 11:01:07] INFO: Daemon is running
[2024-10-18 11:01:17] INFO: Daemon is running
[2024-10-18 11:01:27] INFO: Daemon is running
[2024-10-18 11:01:37] INFO: Daemon is running
[2024-10-18 11:01:47] INFO: Daemon is running
[2024-10-18 11:01:57] INFO: Daemon is running
[2024-10-18 11:02:07] INFO: Daemon is running
[2024-10-18 11:02:17] INFO: Daemon is running
[2024-10-18 11:02:27] INFO: Daemon is running
[2024-10-18 11:02:37] INFO: Daemon is running
[2024-10-18 11:02:47] INFO: Daemon is running
[2024-10-18 11:02:57] INFO: Daemon is running
[2024-10-18 11:03:07] INFO: Daemon is running
[2024-10-18 11:03:17] INFO: Daemon is running
[2024-10-18 11:03:27] INFO: Daemon is running
[2024-10-18 11:03:37] INFO: Daemon is running
[2024-10-18 11:03:47] INFO: Daemon is running
[2024-10-18 11:03:57] INFO: Daemon is running
[2024-10-18 11:04:07] INFO: Daemon is running
[2024-10-18 11:04:17] INFO: Daemon is running
[2024-10-18 11:04:27] INFO: Daemon is running
[2024-10-18 11:04:37] INFO: Daemon is running
[2024-10-18 11:04:47] INFO: Daemon is running
[2024-10-18 11:04:57] INFO: Daemon is running
[2024-10-18 11:05:07] INFO: Daemon is running
[2024-10-18 11:05:17] INFO: Daemon is running
[2024-10-18 11:05:27] INFO: Daemon is running
[2024-10-18 11:05:37] INFO: Daemon is running
[2024-10-18 11:05:47] INFO: Daemon is running
[2024-10-18 11:05:57] INFO: Daemon is running
[2024-10-18 11:06:07] INFO: Daemon is running
[2024-10-18 11:06:17] INFO: Daemon is running
[2024-10-18 11:06:27] INFO: Daemon is running
[2024-10-18 11:06:37] INFO: Daemon is running
[2024-10-18 11:06:47] INFO: Daemon is running
[2024-10-18 11:06:57] INFO: Daemon is running
[2024-10-18 11:07:07] INFO: Daemon is running
[2024-10-18 11:07:17] INFO: Daemon is running
[2024-10-18 11:07:27] INFO: Daemon is running
[2024-10-18 11:07:37] INFO: Daemon is running
[2024-10-18 11:07:47] INFO: Daemon is running
[2024-10-18 11:07:57] INFO: Daemon is running
[2024-10-18 11:08:07] INFO: Daemon is running
[2024-10-18 11:08:17] INFO: Daemon is running
[2024-10-18 11:08:27] INFO: Daemon is running
[2024-10-18 11:08:37] INFO: Daemon is running
[2024-10-18 11:08:47] INFO: Daemon is running
[2024-10-18 11:08:57] INFO: Daemon is running
[2024-10-18 11:09:07] INFO: Daemon is running
[2024-10-18 11:09:17] INFO: Daemon is running
[2024-10-18 11:09:27] INFO: Daemon is running
[2024-10-18 11:09:37] INFO: Daemon is running
[2024-10-18 11:09:47] INFO: Daemon is running
[2024-10-18 11:09:57] INFO: Daemon is running
[2024-10-18 11:10:07] INFO: Daemon is running
[2024-10-18 11:10:17] INFO: Daemon is running
[2024-10-18 11:10:27] INFO: Daemon is running
[2024-10-18 11:10:37] INFO: Daemon is running
[2024-10-18 11:10:47] INFO: Daemon is running
[2024-10-18 11:10:57] INFO: Daemon is running
[2024-10-18 11:11:07] INFO: Daemon is running
[2024-10-18 11:11:17] INFO: Daemon is running
[2024-10-18 11:11:27] INFO: Daemon is running
[2024-10-18 11:11:37] INFO: Daemon is running
[2024-10-18 11:11:47] INFO: Daemon is running
[2024-10-18 11:11:57] INFO: Daemon is running
[2024-10-18 11:12:07] INFO: Daemon is running
[2024-10-18 11:12:17] INFO: Daemon is running
[2024-10-18 11:12:27] INFO: Daemon is running
[2024-10-18 11:12:37] INFO: Daemon is running
[2024-10-18 11:12:47] INFO: Daemon is running
[2024-10-18 11:12:57] INFO: Daemon is running
[2024-10-18 11:13:07] INFO: Daemon is running
[2024-10-18 11:13:17] INFO: Daemon is running
[2024-10-18 11:13:27] INFO: Daemon is running
[2024-10-18 11:13:37] INFO: Daemon is running
[2024-10-18 11:13:47] INFO: Daemon is running
[2024-10-18 11:13:57] INFO: Daemon is running
[2024-10-18 11:14:07] INFO: Daemon is running
[2024-10-18 11:14:17] INFO: Daemon is running
[2024-10-18 11:14:27] INFO: Daemon is running
[2024-10-18 11:14:37] INFO: Daemon is running
[2024-10-18 11:14:47] INFO: Daemon is running
[2024-10-18 11:14:57] INFO: Daemon is running
[2024-10-18 11:15:07] INFO: Daemon is running
[2024-10-18 11:15:17] INFO: Daemon is running
[2024-10-18 11:15:27] INFO: Daemon is running
[2024-10-18 11:15:37] INFO: Daemon is running
[2024-10-18 11:15:47] INFO: Daemon is running
[2024-10-18 11:15:57] INFO: Daemon is running
[2024-10-18 11:16:07] INFO: Daemon is running
[2024-10-18 11:16:17] INFO: Daemon is running
[2024-10-18 11:16:27] INFO: Daemon is running
[2024-10-18 11:16:37] INFO: Daemon is running
[2024-10-18 11:16:47] INFO: Daemon is running
[2024-10-18 11:16:57] INFO: Daemon is running
[2024-10-18 11:17:07] INFO: Daemon is running
[2024-10-18 11:17:17] INFO: Daemon is running
[2024-10-18 11:17:27] INFO: Daemon is running
[2024-10-18 11:17:37] INFO: Daemon is running
[2024-10-18 11:17:47] INFO: Daemon is running
[2024-10-18 11:17:57] INFO: Daemon is running
[2024-10-18 11:18:07] INFO: Daemon is running
[2024-10-18 11:18:17] INFO: Daemon is running
[2024-10-18 11:18:27] INFO: Daemon is running
[2024-10-18 11:18:37] INFO: Daemon is running
[2024-10-18 11:18:47] INFO: Daemon is running
[2024-10-18 11:18:57] INFO: Daemon is running
[2024-10-18 11:19:07] INFO: Daemon is running
[2024-10-18 11:19:17] INFO: Daemon is running
[2024-10-18 11:19:27] INFO: Daemon is running
[2024-10-18 11:19:37] INFO: Daemon is running
[2024-10-18 11:19:47] INFO: Daemon is running
[2024-10-18 11:19:57] INFO: Daemon is running
[2024-10-18 11:20:07] INFO: Daemon is running
[2024-10-18 11:20:17] INFO: Daemon is running
[2024-10-18 11:20:27] INFO: Daemon is running
[2024-10-18 11:20:37] INFO: Daemon is running
[2024-10-18 11:20:47] INFO: Daemon is running
[2024-10-18 11:20:57] INFO: Daemon is running
[2024-10-18 11:21:07] INFO: Daemon is running
[2024-10-18 11:21:17] INFO: Daemon is running
[2024-10-18 11:21:27] INFO: Daemon is running
[2024-10-18 11:21:37] INFO: Daemon is running
[2024-10-18 11:21:47] INFO: Daemon is running
[2024-10-18 11:21:57] INFO: Daemon is running
[2024-10-18 11:22:07] INFO: Daemon is running
[2024-10-18 11:22:17] INFO: Daemon is running
[2024-10-18 11:22:27] INFO: Daemon is running
[2024-10-18 11:22:37] INFO: Daemon is running
[2024-10-18 11:22:47] INFO: Daemon is running
[2024-10-18 11:22:57] INFO: Daemon is running
[2024-10-18 11:23:07] INFO: Daemon is running
[2024-10-18 11:23:17] INFO: Daemon is running
[2024-10-18 11:23:27] INFO: Daemon is running
[2024-10-18 11:23:37] INFO: Daemon is running
[2024-10-18 11:23:47] INFO: Daemon is running
[2024-10-18 11:23:57] INFO: Daemon is running
[2024-10-18 11:24:07] INFO: Daemon is running
[2024-10-18 11:24:17] INFO: Daemon is running
[2024-10-18 11:24:27] INFO: Daemon is running
[2024-10-18 11:24:37] INFO: Daemon is running
[2024-10-18 11:24:47] INFO: Daemon is running
[2024-10-18 11:24:57] INFO: Daemon is running
[2024-10-18 11:25:07] INFO: Daemon is running
[2024-10-18 11:25:17] INFO: Daemon is running
[2024-10-18 11:25:27] INFO: Daemon is running
[2024-10-18 11:25:37] INFO: Daemon is running
[2024-10-18 11:25:47] INFO: Daemon is running
[2024-10-18 11:25:57] INFO: Daemon is running
[2024-10-18 11:26:07] INFO: Daemon is running
[2024-10-18 11:26:17] INFO: Daemon is running
[2024-10-18 11:26:27] INFO: Daemon is running
[2024-10-18 11:26:37] INFO: Daemon is running
[2024-10-18 11:26:47] INFO: Daemon is running
[2024-10-18 11:26:57] INFO: Daemon is running
[2024-10-18 11:27:07] INFO: Daemon is running
[2024-10-18 11:27:17] INFO: Daemon is running
[2024-10-18 11:27:27] INFO: Daemon is running
[2024-10-18 11:27:37] INFO: Daemon is running
[2024-10-18 11:27:47] INFO: Daemon is running
[2024-10-18 11:27:57] INFO: Daemon is running
[2024-10-18 11:28:07] INFO: Daemon is running
[2024-10-18 11:28:17] INFO: Daemon is running
[2024-10-18 11:28:27] INFO: Daemon is running
[2024-10-18 11:28:37] INFO: Daemon is running
[2024-10-18 11:28:47] INFO: Daemon is running
[2024-10-18 11:28:57] INFO: Daemon is running
[2024-10-18 11:29:07] INFO: Daemon is running
[2024-10-18 11:29:17] INFO: Daemon is running
[2024-10-18 11:29:27] INFO: Daemon is running
[2024-10-18 11:29:37] INFO: Daemon is running
[2024-10-18 11:29:47] INFO: Daemon is running
[2024-10-18 11:29:57] INFO: Daemon is running
[2024-10-18 11:30:07] INFO: Daemon is running
[2024-10-18 11:30:17] INFO: Daemon is running
[2024-10-18 11:30:27] INFO: Daemon is running
[2024-10-18 11:30:37] INFO: Daemon is running
[2024-10-18 11:30:47] INFO: Daemon is running
[2024-10-18 11:30:57] INFO: Daemon is running
[2024-10-18 11:31:07] INFO: Daemon is running
[2024-10-18 11:31:17] INFO: Daemon is running
[2024-10-18 11:31:27] INFO: Daemon is running
[2024-10-18 11:31:37] INFO: Daemon is running
[2024-10-18 11:31:47] INFO: Daemon is running
[2024-10-18 11:31:57] INFO: Daemon is running
[2024-10-18 11:32:07] INFO: Daemon is running
[2024-10-18 11:32:17] INFO: Daemon is running
[2024-10-18 11:32:27] INFO: Daemon is running
[2024-10-18 11:32:37] INFO: Daemon is running
[2024-10-18 11:32:47] INFO: Daemon is running
[2024-10-18 11:32:57] INFO: Daemon is running
[2024-10-18 11:33:07] INFO: Daemon is running
[2024-10-18 11:33:17] INFO: Daemon is running
[2024-10-18 11:33:27] INFO: Daemon is running
[2024-10-18 11:33:37] INFO: Daemon is running
[2024-10-18 11:33:47] INFO: Daemon is running
[2024-10-18 11:33:57] INFO: Daemon is running
[2024-10-18 11:34:07] INFO: Daemon is running
[2024-10-18 11:34:17] INFO: Daemon is running
[2024-10-18 11:34:27] INFO: Daemon is running
[2024-10-18 11:34:37] INFO: Daemon is running
[2024-10-18 11:34:47] INFO: Daemon is running
[2024-10-18 11:34:57] INFO: Daemon is running
[2024-10-18 11:35:07] INFO: Daemon is running
[2024-10-18 11:35:17] INFO: Daemon is running
[2024-10-18 11:35:27] INFO: Daemon is running
[2024-10-18 11:35:37] INFO: Daemon is running
[2024-10-18 11:35:47] INFO: Daemon is running
[2024-10-18 11:35:57] INFO: Daemon is running
[2024-10-18 11:36:07] INFO: Daemon is running
[2024-10-18 11:36:17] INFO: Daemon is running
[2024-10-18 11:36:27] INFO: Daemon is running
[2024-10-18 11:36:37] INFO: Daemon is running
[2024-10-18 11:36:47] INFO: Daemon is running
[2024-10-18 11:36:57] INFO: Daemon is running
[2024-10-18 11:37:07] INFO: Daemon is running
[2024-10-18 11:37:17] INFO: Daemon is running
[2024-10-18 11:37:27] INFO: Daemon is running
[2024-10-18 11:37:37] INFO: Daemon is running
[2024-10-18 11:37:47] INFO: Daemon is running
[2024-10-18 11:37:57] INFO: Daemon is running
[2024-10-18 11:38:07] INFO: Daemon is running
[2024-10-18 11:38:17] INFO: Daemon is running
[2024-10-18 11:38:27] INFO: Daemon is running
[2024-10-18 11:38:37] INFO: Daemon is running
[2024-10-18 11:38:47] INFO: Daemon is running
[2024-10-18 11:38:57] INFO: Daemon is running
[2024-10-18 11:39:07] INFO: Daemon is running
[2024-10-18 11:39:17] INFO: Daemon is running
[2024-10-18 11:39:27] INFO: Daemon is running
[2024-10-18 11:39:37] INFO: Daemon is running
[2024-10-18 11:39:47] INFO: Daemon is running
[2024-10-18 11:39:57] INFO: Daemon is running
[2024-10-18 11:40:07] INFO: Daemon is running
[2024-10-18 11:40:17] INFO: Daemon is running
[2024-10-18 11:40:27] INFO: Daemon is running
[2024-10-18 11:40:37] INFO: Daemon is running
[2024-10-18 11:40:47] INFO: Daemon is running
[2024-10-18 11:40:57] INFO: Daemon is running
[2024-10-18 11:41:07] INFO: Daemon is running
[2024-10-18 11:41:17] INFO: Daemon is running
[2024-10-18 11:41:27] INFO: Daemon is running
[2024-10-18 11:41:37] INFO: Daemon is running
[2024-10-18 11:41:47] INFO: Daemon is running
[2024-10-18 11:41:57] INFO: Daemon is running
[2024-10-18 11:42:07] INFO: Daemon is running
[2024-10-18 11:42:17] INFO: Daemon is running
[2024-10-18 11:42:27] INFO: Daemon is running
[2024-10-18 11:42:37] INFO: Daemon is running
[2024-10-18 11:42:47] INFO: Daemon is running
[2024-10-18 11:42:57] INFO: Daemon is running
[2024-10-18 11:43:07] INFO: Daemon is running
[2024-10-18 11:43:17] INFO: Daemon is running
[2024-10-18 11:43:27] INFO: Daemon is running
[2024-10-18 11:43:37] INFO: Daemon is running
[2024-10-18 11:43:47] INFO: Daemon is running
[2024-10-18 11:43:57] INFO: Daemon is running
[2024-10-18 11:44:07] INFO: Daemon is running
[2024-10-18 11:44:17] INFO: Daemon is running
[2024-10-18 11:44:27] INFO: Daemon is running
[2024-10-18 11:44:37] INFO: Daemon is running
[2024-10-18 11:44:47] INFO: Daemon is running
[2024-10-18 11:44:57] INFO: Daemon is running
[2024-10-18 11:45:07] INFO: Daemon is running
[2024-10-18 11:45:17] INFO: Daemon is running
[2024-10-18 11:45:27] INFO: Daemon is running
[2024-10-18 11:45:37] INFO: Daemon is running
[2024-10-18 11:45:47] INFO: Daemon is running
[2024-10-18 11:45:57] INFO: Daemon is running
[2024-10-18 11:46:07] INFO: Daemon is running
[2024-10-18 11:46:17] INFO: Daemon is running
[2024-10-18 11:46:27] INFO: Daemon is running
[2024-10-18 11:46:37] INFO: Daemon is running
[2024-10-18 11:46:47] INFO: Daemon is running
[2024-10-18 11:46:57] INFO: Daemon is running
[2024-10-18 11:47:07] INFO: Daemon is running
[2024-10-18 11:47:17] INFO: Daemon is running
[2024-10-18 11:47:27] INFO: Daemon is running
[2024-10-18 11:47:37] INFO: Daemon is running
[2024-10-18 11:47:47] INFO: Daemon is running
[2024-10-18 11:47:57] INFO: Daemon is running
[2024-10-18 11:48:07] INFO: Daemon is running
[2024-10-18 11:48:17] INFO: Daemon is running
[2024-10-18 11:48:27] INFO: Daemon is running
[2024-10-18 11:48:37] INFO: Daemon is running
[2024-10-18 11:48:47] INFO: Daemon is running
[2024-10-18 11:48:57] INFO: Daemon is running
[2024-10-18 11:49:07] INFO: Daemon is running
[2024-10-18 11:49:17] INFO: Daemon is running
[2024-10-18 11:49:27] INFO: Daemon is running
[2024-10-18 11:49:37] INFO: Daemon is running
[2024-10-18 11:49:47] INFO: Daemon is running
[2024-10-18 11:49:57] INFO: Daemon is running
[2024-10-18 11:50:07] INFO: Daemon is running
[2024-10-18 11:50:17] INFO: Daemon is running
[2024-10-18 11:50:27] INFO: Daemon is running
[2024-10-18 11:50:37] INFO: Daemon is running
[2024-10-18 11:50:47] INFO: Daemon is running
[2024-10-18 11:50:57] INFO: Daemon is running
[2024-10-18 11:51:07] INFO: Daemon is running
[2024-10-18 11:51:17] INFO: Daemon is running
[2024-10-18 11:51:27] INFO: Daemon is running
[2024-10-18 11:51:37] INFO: Daemon is running
[2024-10-18 11:51:47] INFO: Daemon is running
[2024-10-18 11:51:57] INFO: Daemon is running
[2024-10-18 11:52:07] INFO: Daemon is running
[2024-10-18 11:52:17] INFO: Daemon is running
[2024-10-18 11:52:27] INFO: Daemon is running
[2024-10-18 11:52:37] INFO: Daemon is running
[2024-10-18 11:52:47] INFO: Daemon is running
[2024-10-18 11:52:57] INFO: Daemon is running
[2024-10-18 11:53:07] INFO: Daemon is running
[2024-10-18 11:53:17] INFO: Daemon is running
[2024-10-18 11:53:27] INFO: Daemon is running
[2024-10-18 11:53:37] INFO: Daemon is running
[2024-10-18 11:53:47] INFO: Daemon is running
[2024-10-18 11:53:57] INFO: Daemon is running
[2024-10-18 11:54:07] INFO: Daemon is running
[2024-10-18 11:54:17] INFO: Daemon is running
[2024-10-18 11:54:27] INFO: Daemon is running
[2024-10-18 11:54:37] INFO: Daemon is running
[2024-10-18 11:54:47] INFO: Daemon is running
[2024-10-18 11:54:57] INFO: Daemon is running
[2024-10-18 11:55:07] INFO: Daemon is running
[2024-10-18 11:55:17] INFO: Daemon is running
[2024-10-18 11:55:27] INFO: Daemon is running
[2024-10-18 11:55:37] INFO: Daemon is running
[2024-10-18 11:55:47] INFO: Daemon is running
[2024-10-18 11:55:57] INFO: Daemon is running
[2024-10-18 11:56:07] INFO: Daemon is running
[2024-10-18 11:56:17] INFO: Daemon is running
[2024-10-18 11:56:27] INFO: Daemon is running
[2024-10-18 11:56:37] INFO: Daemon is running
[2024-10-18 11:56:47] INFO: Daemon is running
[2024-10-18 11:56:57] INFO: Daemon is running
[2024-10-18 11:57:07] INFO: Daemon is running
[2024-10-18 11:57:17] INFO: Daemon is running
[2024-10-18 11:57:27] INFO: Daemon is running
[2024-10-18 11:57:37] INFO: Daemon is running
[2024-10-18 11:57:47] INFO: Daemon is running
[2024-10-18 11:57:57] INFO: Daemon is running
[2024-10-18 11:58:07] INFO: Daemon is running
[2024-10-18 11:58:17] INFO: Daemon is running
[2024-10-18 11:58:27] INFO: Daemon is running
[2024-10-18 11:58:37] INFO: Daemon is running
[2024-10-18 11:58:47] INFO: Daemon is running
[2024-10-18 11:58:57] INFO: Daemon is running
[2024-10-18 11:59:07] INFO: Daemon is running
[2024-10-18 11:59:17] INFO: Daemon is running
[2024-10-18 11:59:27] INFO: Daemon is running
[2024-10-18 11:59:37] INFO: Daemon is running
[2024-10-18 11:59:47] INFO: Daemon is running
[2024-10-18 11:59:57] INFO: Daemon is running
[2024-10-18 12:00:07] INFO: Daemon is running
[2024-10-18 12:00:17] INFO: Daemon is running
[2024-10-18 12:00:27] INFO: Daemon is running
[2024-10-18 12:00:37] INFO: Daemon is running
[2024-10-18 12:00:47] INFO: Daemon is running
[2024-10-18 12:00:57] INFO: Daemon is running
[2024-10-18 12:01:07] INFO: Daemon is running
[2024-10-18 12:01:17] INFO: Daemon is running
[2024-10-18 12:01:27] INFO: Daemon is running
[2024-10-18 12:01:37] INFO: Daemon is running
[2024-10-18 12:01:47] INFO: Daemon is running
[2024-10-18 12:01:57] INFO: Daemon is running
[2024-10-18 12:02:07] INFO: Daemon is running
[2024-10-18 12:02:17] INFO: Daemon is running
[2024-10-18 12:02:27] INFO: Daemon is running
[2024-10-18 12:02:37] INFO: Daemon is running
[2024-10-18 12:02:47] INFO: Daemon is running
[2024-10-18 12:02:57] INFO: Daemon is running
[2024-10-18 12:03:07] INFO: Daemon is running
[2024-10-18 12:03:17] INFO: Daemon is running
[2024-10-18 12:03:27] INFO: Daemon is running
[2024-10-18 12:03:37] INFO: Daemon is running
[2024-10-18 12:03:47] INFO: Daemon is running
[2024-10-18 12:03:57] INFO: Daemon is running
[2024-10-18 12:04:07] INFO: Daemon is running
[2024-10-18 12:04:17] INFO: Daemon is running
[2024-10-18 12:04:27] INFO: Daemon is running
[2024-10-18 12:04:37] INFO: Daemon is running
[2024-10-18 12:04:47] INFO: Daemon is running
[2024-10-18 12:04:57] INFO: Daemon is running
[2024-10-18 12:05:07] INFO: Daemon is running
[2024-10-18 12:05:17] INFO: Daemon is running
[2024-10-18 12:05:27] INFO: Daemon is running
[2024-10-18 12:05:37] INFO: Daemon is running
[2024-10-18 12:05:47] INFO: Daemon is running
[2024-10-18 12:05:57] INFO: Daemon is running
[2024-10-18 12:06:07] INFO: Daemon is running
[2024-10-18 12:06:17] INFO: Daemon is running
[2024-10-18 12:06:27] INFO: Daemon is running
[2024-10-18 12:06:37] INFO: Daemon is running
[2024-10-18 12:06:47] INFO: Daemon is running
[2024-10-18 12:06:57] INFO: Daemon is running
[2024-10-18 12:07:07] INFO: Daemon is running
[2024-10-18 12:07:17] INFO: Daemon is running
[2024-10-18 12:07:27] INFO: Daemon is running
[2024-10-18 12:07:37] INFO: Daemon is running
[2024-10-18 12:07:47] INFO: Daemon is running
[2024-10-18 12:07:57] INFO: Daemon is running
[2024-10-18 12:08:07] INFO: Daemon is running
[2024-10-18 12:08:17] INFO: Daemon is running
[2024-10-18 12:08:27] INFO: Daemon is running
[2024-10-18 12:08:37] INFO: Daemon is running
[2024-10-18 12:08:47] INFO: Daemon is running
[2024-10-18 12:08:57] INFO: Daemon is running
[2024-10-18 12:09:07] INFO: Daemon is running
[2024-10-18 12:09:17] INFO: Daemon is running
[2024-10-18 12:09:27] INFO: Daemon is running
[2024-10-18 12:09:37] INFO: Daemon is running
[2024-10-18 12:09:47] INFO: Daemon is running
[2024-10-18 12:09:57] INFO: Daemon is running
[2024-10-18 12:10:07] INFO: Daemon is running
[2024-10-18 12:10:17] INFO: Daemon is running
[2024-10-18 12:10:27] INFO: Daemon is running
[2024-10-18 12:10:37] INFO: Daemon is running
[2024-10-18 12:10:47] INFO: Daemon is running
[2024-10-18 12:10:57] INFO: Daemon is running
[2024-10-18 12:11:07] INFO: Daemon is running
[2024-10-18 12:11:17] INFO: Daemon is running
[2024-10-18 12:11:27] INFO: Daemon is running
[2024-10-18 12:11:37] INFO: Daemon is running
[2024-10-18 12:11:47] INFO: Daemon is running
[2024-10-18 12:11:57] INFO: Daemon is running
[2024-10-18 12:12:07] INFO: Daemon is running
[2024-10-18 12:12:17] INFO: Daemon is running
[2024-10-18 12:12:27] INFO: Daemon is running
[2024-10-18 12:12:37] INFO: Daemon is running
[2024-10-18 12:12:47] INFO: Daemon is running
[2024-10-18 12:12:57] INFO: Daemon is running
[2024-10-18 12:13:07] INFO: Daemon is running
[2024-10-18 12:13:17] INFO: Daemon is running
[2024-10-18 12:13:27] INFO: Daemon is running
[2024-10-18 12:13:37] INFO: Daemon is running
[2024-10-18 12:13:47] INFO: Daemon is running
[2024-10-18 12:13:57] INFO: Daemon is running
[2024-10-18 12:14:07] INFO: Daemon is running
[2024-10-18 12:14:17] INFO: Daemon is running
[2024-10-18 12:14:27] INFO: Daemon is running
[2024-10-18 12:14:37] INFO: Daemon is running
[2024-10-18 12:14:47] INFO: Daemon is running
[2024-10-18 12:14:57] INFO: Daemon is running
[2024-10-18 12:15:07] INFO: Daemon is running
[2024-10-18 12:15:17] INFO: Daemon is running
[2024-10-18 12:15:27] INFO: Daemon is running
[2024-10-18 12:15:37] INFO: Daemon is running
[2024-10-18 12:15:47] INFO: Daemon is running
[2024-10-18 12:15:57] INFO: Daemon is running
[2024-10-18 12:16:07] INFO: Daemon is running
[2024-10-18 12:16:17] INFO: Daemon is running
[2024-10-18 12:16:27] INFO: Daemon is running
[2024-10-18 12:16:37] INFO: Daemon is running
[2024-10-18 12:16:47] INFO: Daemon is running
[2024-10-18 12:16:57] INFO: Daemon is running
[2024-10-18 12:17:07] INFO: Daemon is running
[2024-10-18 12:17:17] INFO: Daemon is running
[2024-10-18 12:17:27] INFO: Daemon is running
[2024-10-18 12:17:37] INFO: Daemon is running
[2024-10-18 12:17:47] INFO: Daemon is running
[2024-10-18 12:17:57] INFO: Daemon is running
[2024-10-18 12:18:07] INFO: Daemon is running
[2024-10-18 12:18:17] INFO: Daemon is running
[2024-10-18 12:18:27] INFO: Daemon is running
[2024-10-18 12:18:37] INFO: Daemon is running
[2024-10-18 12:18:47] INFO: Daemon is running
[2024-10-18 12:18:57] INFO: Daemon is running
[2024-10-18 12:19:07] INFO: Daemon is running
[2024-10-18 12:19:17] INFO: Daemon is running
[2024-10-18 12:19:27] INFO: Daemon is running
[2024-10-18 12:19:37] INFO: Daemon is running
[2024-10-18 12:19:47] INFO: Daemon is running
[2024-10-18 12:19:57] INFO: Daemon is running
[2024-10-18 12:20:07] INFO: Daemon is running
[2024-10-18 12:20:17] INFO: Daemon is running
[2024-10-18 12:20:27] INFO: Daemon is running
[2024-10-18 12:20:37] INFO: Daemon is running
[2024-10-18 12:20:47] INFO: Daemon is running
[2024-10-18 12:20:57] INFO: Daemon is running
[2024-10-18 12:21:07] INFO: Daemon is running
[2024-10-18 12:21:17] INFO: Daemon is running
[2024-10-18 12:21:27] INFO: Daemon is running
[2024-10-18 12:21:37] INFO: Daemon is running
[2024-10-18 12:21:47] INFO: Daemon is running
[2024-10-18 12:21:57] INFO: Daemon is running
[2024-10-18 12:22:07] INFO: Daemon is running
[2024-10-18 12:22:17] INFO: Daemon is running
[2024-10-18 12:22:27] INFO: Daemon is running
[2024-10-18 12:22:37] INFO: Daemon is running
[2024-10-18 12:22:47] INFO: Daemon is running
[2024-10-18 12:22:57] INFO: Daemon is running
[2024-10-18 12:23:07] INFO: Daemon is running
[2024-10-18 12:23:17] INFO: Daemon is running
[2024-10-18 12:23:27] INFO: Daemon is running
[2024-10-18 12:23:37] INFO: Daemon is running
[2024-10-18 12:23:47] INFO: Daemon is running
[2024-10-18 12:23:57] INFO: Daemon is running
[2024-10-18 12:24:07] INFO: Daemon is running
[2024-10-18 12:24:17] INFO: Daemon is running
[2024-10-18 12:24:27] INFO: Daemon is running
[2024-10-18 12:24:37] INFO: Daemon is running
[2024-10-18 12:24:47] INFO: Daemon is running
[2024-10-18 12:24:57] INFO: Daemon is running
[2024-10-18 12:25:07] INFO: Daemon is running
[2024-10-18 12:25:17] INFO: Daemon is running
[2024-10-18 12:25:27] INFO: Daemon is running
[2024-10-18 12:25:37] INFO: Daemon is running
[2024-10-18 12:25:47] INFO: Daemon is running
[2024-10-18 12:25:57] INFO: Daemon is running
[2024-10-18 12:26:07] INFO: Daemon is running
[2024-10-18 12:26:17] INFO: Daemon is running
[2024-10-18 12:26:27] INFO: Daemon is running
[2024-10-18 12:26:37] INFO: Daemon is running
[2024-10-18 12:26:47] INFO: Daemon is running
[2024-10-18 12:26:57] INFO: Daemon is running
[2024-10-18 12:27:07] INFO: Daemon is running
[2024-10-18 12:27:17] INFO: Daemon is running
[2024-10-18 12:27:27] INFO: Daemon is running
[2024-10-18 12:27:37] INFO: Daemon is running
[2024-10-18 12:27:47] INFO: Daemon is running
[2024-10-18 12:27:57] INFO: Daemon is running
[2024-10-18 12:28:07] INFO: Daemon is running
[2024-10-18 12:28:17] INFO: Daemon is running
[2024-10-18 12:28:27] INFO: Daemon is running
[2024-10-18 12:28:37] INFO: Daemon is running
[2024-10-18 12:28:47] INFO: Daemon is running
[2024-10-18 12:28:57] INFO: Daemon is running
[2024-10-18 12:29:07] INFO: Daemon is running
[2024-10-18 12:29:17] INFO: Daemon is running
[2024-10-18 12:29:27] INFO: Daemon is running
[2024-10-18 12:29:37] INFO: Daemon is running
[2024-10-18 12:29:47] INFO: Daemon is running
[2024-10-18 12:29:57] INFO: Daemon is running
