[2024-10-14 13:16:55] INFO: Starting the program...
[2024-10-14 13:19:15] INFO: Starting the program...
[2024-10-14 13:20:15] INFO: Starting the program...
[2024-10-14 13:21:03] INFO: Starting the program...
[2024-10-14 13:22:27] INFO: Starting the program...
[2024-10-14 13:22:27] INFO: server_sock : 
[2024-10-14 13:23:55] INFO: Starting the program...
[2024-10-14 13:23:55] INFO: server_sock : 0
[2024-10-14 13:25:05] INFO: Starting the program...
[2024-10-14 13:25:05] INFO: server_sock : 0
[2024-10-14 13:25:05] ERROR: Socket failed
[2024-10-14 13:27:39] INFO: Starting the program...
[2024-10-14 13:27:39] INFO: server_sock : 0
[2024-10-14 13:28:44] INFO: Starting the program...
[2024-10-14 13:28:44] INFO: server_sock : 0
[2024-10-14 13:28:44] ERROR: Bind failed
[2024-10-14 13:32:29] INFO: Starting the program...
[2024-10-14 13:32:29] INFO: server_sock : 0
[2024-10-14 13:32:29] ERROR: Bind failed
[2024-10-14 13:33:16] INFO: Starting the program...
[2024-10-14 13:33:16] INFO: server_sock : 0
[2024-10-14 14:01:57] INFO: Starting the program...
[2024-10-14 14:01:57] INFO: server_sock : 0
[2024-10-14 14:01:57] ERROR: Bind failed
[2024-10-14 14:02:04] INFO: Starting the program...
[2024-10-14 14:02:04] INFO: server_sock : 0
[2024-10-14 14:02:04] ERROR: Bind failed
[2024-10-14 14:10:39] INFO: Starting the program...
[2024-10-14 14:10:39] INFO: server_sock : 0
[2024-10-14 14:10:39] ERROR: Socket failed
[2024-10-14 14:11:05] INFO: Starting the program...
[2024-10-14 14:11:05] INFO: server_sock : 0
[2024-10-14 14:11:05] ERROR: Bind failed
[2024-10-14 14:11:32] INFO: Starting the program...
[2024-10-14 14:11:32] INFO: server_sock : 0
[2024-10-14 14:11:32] ERROR: Bind failed
[2024-10-14 14:14:47] INFO: Starting the program...
[2024-10-14 14:14:47] INFO: server_sock : 0
[2024-10-14 14:16:03] INFO: [Starting seerDB]
[2024-10-14 14:16:03] INFO: server_sock : 0
[2024-10-14 14:16:18] INFO: [Starting seerDB]
[2024-10-14 14:16:18] INFO: server_sock : 0
[2024-10-14 14:16:18] ERROR: Bind failed
